<?xml version="1.0" encoding="UTF-8"?>
<testsuite xmlns:xsi="http://www.w3.org/2001/XMLSchema-instance" xsi:noNamespaceSchemaLocation="https://maven.apache.org/surefire/maven-surefire-plugin/xsd/surefire-test-report.xsd" name="runner.TestRunner" time="7.539" tests="11" errors="0" skipped="0" failures="5">
  <properties>
[...]
</properties>
  <testcase name="Send a valid request" classname="Verify the generate OTP API" time="2.953"/>
  <testcase name="Send a request with invalid phone number" classname="Verify the generate OTP API" time="0.22">
    <failure message="Expected 400 but received 200" type="java.lang.AssertionError">java.lang.AssertionError: Expected 400 but received 200
</failure>
    <system-out><![CDATA[Request method:	POST
Request URI:	https://cdn-api.co-vin.in/api/v2/auth/public/generateOTP
Proxy:			<none>
Request params:	<none>
Query params:	<none>
Form params:	<none>
Path params:	<none>
Headers:		accept=application/json
				Content-Type=application/json
Cookies:		<none>
Multiparts:		<none>
Body:
{
    "mobile": "987654321"
}
]]></system-out>
  </testcase>
  <testcase name="Send a request without phone number" classname="Verify the generate OTP API" time="0.195">
    <failure message="Expected 400 but received 500" type="java.lang.AssertionError">java.lang.AssertionError: Expected 400 but received 500
</failure>
    <system-out><![CDATA[Request method:	POST
Request URI:	https://cdn-api.co-vin.in/api/v2/auth/public/generateOTP
Proxy:			<none>
Request params:	<none>
Query params:	<none>
Form params:	<none>
Path params:	<none>
Headers:		accept=application/json
				Content-Type=application/json
Cookies:		<none>
Multiparts:		<none>
Body:
{
    "mobile": ""
}
]]></system-out>
  </testcase>
  <testcase name="Send a request without accept header" classname="Verify the generate OTP API" time="0.251"/>
  <testcase name="Send a request without Content-Type header" classname="Verify the generate OTP API" time="0.143"/>
  <testcase name="Send a request with invalid accept and Content-Type headers" classname="Verify the generate OTP API" time="0.192"/>
  <testcase name="Send a valid request to the get states API #1" classname="Verify the get states API" time="1.242"/>
  <testcase name="Send a valid request to the get states API #2" classname="Verify the get states API" time="0.178"/>
  <testcase name="Send a request to the get states API without accept header" classname="Verify the get states API" time="0.133">
    <failure message="Expected 400 but received 200" type="java.lang.AssertionError">java.lang.AssertionError: Expected 400 but received 200
</failure>
    <system-out><![CDATA[Request method:	GET
Request URI:	https://cdn-api.co-vin.in/api/v2/admin/location/states
Proxy:			<none>
Request params:	<none>
Query params:	<none>
Form params:	<none>
Path params:	<none>
Headers:		Accept-Language=hi_IN
				Accept=*/*
Cookies:		<none>
Multiparts:		<none>
Body:			<none>
]]></system-out>
  </testcase>
  <testcase name="Send a request to the get states API without Accept-Language header" classname="Verify the get states API" time="0.111">
    <failure message="Expected 400 but received 200" type="java.lang.AssertionError">java.lang.AssertionError: Expected 400 but received 200
</failure>
    <system-out><![CDATA[Request method:	GET
Request URI:	https://cdn-api.co-vin.in/api/v2/admin/location/states
Proxy:			<none>
Request params:	<none>
Query params:	<none>
Form params:	<none>
Path params:	<none>
Headers:		accept=application/json
Cookies:		<none>
Multiparts:		<none>
Body:			<none>
]]></system-out>
  </testcase>
  <testcase name="Send a request to the get states API with invalid header" classname="Verify the get states API" time="0.108">
    <failure message="Expected 400 but received 200" type="java.lang.AssertionError">java.lang.AssertionError: Expected 400 but received 200
</failure>
    <system-out><![CDATA[Request method:	GET
Request URI:	https://cdn-api.co-vin.in/api/v2/admin/location/states
Proxy:			<none>
Request params:	<none>
Query params:	<none>
Form params:	<none>
Path params:	<none>
Headers:		accept=text/plain
Cookies:		<none>
Multiparts:		<none>
Body:			<none>
]]></system-out>
  </testcase>
</testsuite>